[dotenv@17.2.3] injecting env (6) from .env -- tip: 👥 sync secrets across teammates & machines: https://dotenvx.com/ops
[dotenv@17.2.3] injecting env (0) from .env -- tip: 🔐 prevent committing .env to code: https://dotenvx.com/precommit
C:\Users\HP\marius_fanny\backend\node_modules\@prisma\client\src\runtime\getPrismaClient.ts:259
        throw new PrismaClientInitializationError(
              ^


PrismaClientInitializationError: `PrismaClient` needs to be constructed with a non-empty, valid `PrismaClientOptions`:

```
new PrismaClient({
  ...
})
```

or

```
constructor() {
  super({ ... });
}
```
          
    at new t (C:\Users\HP\marius_fanny\backend\node_modules\@prisma\client\src\runtime\getPrismaClient.ts:259:15)
    at dotenv (C:\Users\HP\marius_fanny\backend\src\utils\auth.ts:17:16)
    at Object.<anonymous> (C:\Users\HP\marius_fanny\backend\src\utils\auth.ts:58:2)
    at Module._compile (node:internal/modules/cjs/loader:1521:14)
    at Object.transformer (C:\Users\Hp\AppData\Roaming\npm\node_modules\tsx\dist\register-D46fvsV_.cjs:3:1104)
    at Module.load (node:internal/modules/cjs/loader:1266:32)
    at Module._load (node:internal/modules/cjs/loader:1091:12)
    at Module.require (node:internal/modules/cjs/loader:1289:19)
    at require (node:internal/modules/helpers:182:18)
    at <anonymous> (C:\Users\HP\marius_fanny\backend\src\index.ts:4:22) {
  clientVersion: '7.3.0',
  errorCode: undefined,
  retryable: undefined
}

Node.js v20.19.5
